
> server@1.0.0 start /Users/hanbingbing/Desktop/sites/vue-blog/server
> cross-env NODE_ENV=production node app.js


> server@1.0.0 start /Users/hanbingbing/Desktop/sites/vue-blog/server
> cross-env NODE_ENV=production node app.js


> server@1.0.0 start /Users/hanbingbing/Desktop/sites/vue-blog/server
> cross-env NODE_ENV=production node app.js


> server@1.0.0 start /Users/hanbingbing/Desktop/sites/vue-blog/server
> cross-env NODE_ENV=production node app.js


> server@1.0.0 start /Users/hanbingbing/Desktop/sites/vue-blog/server
> cross-env NODE_ENV=production node app.js


> server@1.0.0 start /Users/hanbingbing/Desktop/sites/vue-blog/server
> cross-env NODE_ENV=production node app.js


> server@1.0.0 start /Users/hanbingbing/Desktop/sites/vue-blog/server
> cross-env NODE_ENV=production node app.js


> server@1.0.0 start /Users/hanbingbing/Desktop/sites/vue-blog/server
> cross-env NODE_ENV=production node app.js


> server@1.0.0 start /Users/hanbingbing/Desktop/sites/vue-blog/server
> cross-env NODE_ENV=production node app.js


> server@1.0.0 start /Users/hanbingbing/Desktop/sites/vue-blog/server
> cross-env NODE_ENV=production node app.js


> server@1.0.0 start /Users/hanbingbing/Desktop/sites/vue-blog/server
> cross-env NODE_ENV=production node app.js


> server@1.0.0 start /Users/hanbingbing/Desktop/sites/vue-blog/server
> cross-env NODE_ENV=production node app.js


> server@1.0.0 start /Users/hanbingbing/Desktop/sites/vue-blog/server
> cross-env NODE_ENV=production node app.js


> server@1.0.0 start /Users/hanbingbing/Desktop/sites/vue-blog/server
> cross-env NODE_ENV=production node app.js


> server@1.0.0 start /Users/hanbingbing/Desktop/sites/vue-blog/server
> cross-env NODE_ENV=production node app.js


> server@1.0.0 start /Users/hanbingbing/Desktop/sites/vue-blog/server
> cross-env NODE_ENV=production node app.js


> server@1.0.0 start /Users/hanbingbing/Desktop/sites/vue-blog/server
> cross-env NODE_ENV=production node app.js


> server@1.0.0 start /Users/hanbingbing/Desktop/sites/vue-blog/server
> cross-env NODE_ENV=production node app.js


> server@1.0.0 start /Users/hanbingbing/Desktop/sites/vue-blog/server
> cross-env NODE_ENV=production node app.js


> server@1.0.0 start /Users/hanbingbing/Desktop/sites/vue-blog/server
> cross-env NODE_ENV=production node app.js


> server@1.0.0 start /Users/hanbingbing/Desktop/sites/vue-blog/server
> cross-env NODE_ENV=production node app.js

Express server listening on port 3009

> server@1.0.0 start /Users/hanbingbing/Desktop/sites/vue-blog/server
> cross-env NODE_ENV=production node app.js

Express server listening on port 3009

> server@1.0.0 start /Users/hanbingbing/Desktop/sites/vue-blog/server
> cross-env NODE_ENV=production node app.js

Express server listening on port 3009

> server@1.0.0 start /Users/hanbingbing/Desktop/sites/vue-blog/server
> cross-env NODE_ENV=production node app.js

Express server listening on port 3009

> server@1.0.0 start /Users/hanbingbing/Desktop/sites/vue-blog/server
> cross-env NODE_ENV=production node app.js

undefined 'process.env.JWT_SECRET'
Express server listening on port 3009

> server@1.0.0 start /Users/hanbingbing/Desktop/sites/vue-blog/server
> cross-env NODE_ENV=production node app.js

hbb process.env.JWT_SECRET

> server@1.0.0 start /Users/hanbingbing/Desktop/sites/vue-blog/server
> cross-env NODE_ENV=production node app.js

hbb process.env.JWT_SECRET

> server@1.0.0 start /Users/hanbingbing/Desktop/sites/vue-blog/server
> cross-env NODE_ENV=production node app.js

hbb process.env.JWT_SECRET

> server@1.0.0 start /Users/hanbingbing/Desktop/sites/vue-blog/server
> cross-env NODE_ENV=production node app.js

hbb process.env.JWT_SECRET

> server@1.0.0 start /Users/hanbingbing/Desktop/sites/vue-blog/server
> cross-env NODE_ENV=production node app.js

hbb process.env.JWT_SECRET

> server@1.0.0 start /Users/hanbingbing/Desktop/sites/vue-blog/server
> cross-env NODE_ENV=production node app.js

hbb process.env.JWT_SECRET

> server@1.0.0 start /Users/hanbingbing/Desktop/sites/vue-blog/server
> cross-env NODE_ENV=production node app.js

hbb process.env.JWT_SECRET

> server@1.0.0 start /Users/hanbingbing/Desktop/sites/vue-blog/server
> cross-env NODE_ENV=production node app.js

hbb process.env.JWT_SECRET

> server@1.0.0 start /Users/hanbingbing/Desktop/sites/vue-blog/server
> cross-env NODE_ENV=production node app.js

hbb process.env.JWT_SECRET

> server@1.0.0 start /Users/hanbingbing/Desktop/sites/vue-blog/server
> cross-env NODE_ENV=production node app.js

hbb process.env.JWT_SECRET

> server@1.0.0 start /Users/hanbingbing/Desktop/sites/vue-blog/server
> cross-env NODE_ENV=production node app.js

hbb process.env.JWT_SECRET

> server@1.0.0 start /Users/hanbingbing/Desktop/sites/vue-blog/server
> cross-env NODE_ENV=production node app.js

hbb process.env.JWT_SECRET

> server@1.0.0 start /Users/hanbingbing/Desktop/sites/vue-blog/server
> cross-env NODE_ENV=production node app.js

hbb process.env.JWT_SECRET

> server@1.0.0 start /Users/hanbingbing/Desktop/sites/vue-blog/server
> cross-env NODE_ENV=production node app.js

hbb process.env.JWT_SECRET

> server@1.0.0 start /Users/hanbingbing/Desktop/sites/vue-blog/server
> cross-env NODE_ENV=production node app.js

hbb process.env.JWT_SECRET

> server@1.0.0 start /Users/hanbingbing/Desktop/sites/vue-blog/server
> cross-env NODE_ENV=production node app.js

hbb process.env.JWT_SECRET

> server@1.0.0 start /Users/hanbingbing/Desktop/sites/vue-blog/server
> cross-env NODE_ENV=production node app.js

hbb process.env.JWT_SECRET

> server@1.0.0 start /Users/hanbingbing/Desktop/sites/vue-blog/server
> cross-env NODE_ENV=production node app.js

hbb process.env.JWT_SECRET

> server@1.0.0 start /Users/hanbingbing/Desktop/sites/vue-blog/server
> cross-env NODE_ENV=production node app.js

hbb process.env.JWT_SECRET

> server@1.0.0 start /Users/hanbingbing/Desktop/sites/vue-blog/server
> cross-env NODE_ENV=production node app.js

hbb process.env.JWT_SECRET

> server@1.0.0 start /Users/hanbingbing/Desktop/sites/vue-blog/server
> cross-env NODE_ENV=production node app.js

hbb process.env.JWT_SECRET

> server@1.0.0 start /Users/hanbingbing/Desktop/sites/vue-blog/server
> cross-env NODE_ENV=production node app.js

hbb process.env.JWT_SECRET

> server@1.0.0 start /Users/hanbingbing/Desktop/sites/vue-blog/server
> cross-env NODE_ENV=production node app.js

hbb process.env.JWT_SECRET

> server@1.0.0 start /Users/hanbingbing/Desktop/sites/vue-blog/server
> cross-env NODE_ENV=production node app.js

hbb process.env.JWT_SECRET

> server@1.0.0 start /Users/hanbingbing/Desktop/sites/vue-blog/server
> cross-env NODE_ENV=production node app.js

hbb process.env.JWT_SECRET

> server@1.0.0 start /Users/hanbingbing/Desktop/sites/vue-blog/server
> cross-env NODE_ENV=production node app.js

hbb process.env.JWT_SECRET

> server@1.0.0 start /Users/hanbingbing/Desktop/sites/vue-blog/server
> cross-env NODE_ENV=production node app.js

hbb process.env.JWT_SECRET

> server@1.0.0 start /Users/hanbingbing/Desktop/sites/vue-blog/server
> cross-env NODE_ENV=production node app.js

hbb process.env.JWT_SECRET

> server@1.0.0 start /Users/hanbingbing/Desktop/sites/vue-blog/server
> cross-env NODE_ENV=production node app.js

hbb process.env.JWT_SECRET

> server@1.0.0 start /Users/hanbingbing/Desktop/sites/vue-blog/server
> cross-env NODE_ENV=production node app.js

hbb process.env.JWT_SECRET

> server@1.0.0 start /Users/hanbingbing/Desktop/sites/vue-blog/server
> cross-env NODE_ENV=production node app.js

hbb process.env.JWT_SECRET
Express server listening on port 3009

> server@1.0.0 start /Users/hanbingbing/Desktop/sites/vue-blog/server
> cross-env NODE_ENV=production node app.js

hbb process.env.JWT_SECRET
Express server listening on port 3009

> server@1.0.0 start /Users/hanbingbing/Desktop/sites/vue-blog/server
> cross-env NODE_ENV=production node app.js

Express server listening on port 3009

> server@1.0.0 start /Users/hanbingbing/Desktop/sites/vue-blog/server
> cross-env NODE_ENV=production node app.js

Express server listening on port 3009

> server@1.0.0 start /Users/hanbingbing/Desktop/sites/vue-blog/server
> cross-env NODE_ENV=production node app.js

Express server listening on port 3009

> server@1.0.0 start /Users/hanbingbing/Desktop/sites/vue-blog/server
> cross-env NODE_ENV=production node app.js

Express server listening on port 3009
user
undefined 'headers authorization'
user
undefined 'headers authorization'

> server@1.0.0 start /Users/hanbingbing/Desktop/sites/vue-blog/server
> cross-env NODE_ENV=production node app.js

Express server listening on port 3009

> server@1.0.0 start /Users/hanbingbing/Desktop/sites/vue-blog/server
> cross-env NODE_ENV=production node app.js

Express server listening on port 3009

> server@1.0.0 start /Users/hanbingbing/Desktop/sites/vue-blog/server
> cross-env NODE_ENV=production node app.js

Express server listening on port 3009
{ name: 'admin', password: '123456' }

> server@1.0.0 start /Users/hanbingbing/Desktop/sites/vue-blog/server
> cross-env NODE_ENV=production node app.js

Express server listening on port 3009
{ name: 'admin', password: '123456' }
7c4a8d09ca3762af61e59520943dc26494f8941b encodePassword

> server@1.0.0 start /Users/hanbingbing/Desktop/sites/vue-blog/server
> cross-env NODE_ENV=production node app.js

Express server listening on port 3009
[] 'encodePassword'

> server@1.0.0 start /Users/hanbingbing/Desktop/sites/vue-blog/server
> cross-env NODE_ENV=production node app.js

Express server listening on port 3009
[] 'encodePassword'
[ { _id: 5d032c78f0925d47d816f987,
    name: 'hbb',
    password: '7c4a8d09ca3762af61e59520943dc26494f8941b' } ] 'encodePassword'
undefined 'headers authorization'
[ { _id: 5d032c78f0925d47d816f987,
    name: 'hbb',
    password: '7c4a8d09ca3762af61e59520943dc26494f8941b' } ] 'encodePassword'
undefined 'headers authorization'
undefined 'headers authorization'
undefined 'headers authorization'
[ { _id: 5d032c78f0925d47d816f987,
    name: 'hbb',
    password: '7c4a8d09ca3762af61e59520943dc26494f8941b' } ] 'encodePassword'
undefined 'headers authorization'

> server@1.0.0 start /Users/hanbingbing/Desktop/sites/vue-blog/server
> cross-env NODE_ENV=production node app.js

Express server listening on port 3009
undefined 'headers authorization'

> server@1.0.0 start /Users/hanbingbing/Desktop/sites/vue-blog/server
> cross-env NODE_ENV=production node app.js

Express server listening on port 3009

> server@1.0.0 start /Users/hanbingbing/Desktop/sites/vue-blog/server
> cross-env NODE_ENV=production node app.js

Express server listening on port 3009
eyJhbGciOiJIUzI1NiIsInR5cCI6IkpXVCJ9.eyJuYW1lIjoiaGJiIiwiZXhwIjoxNTYxMTgxMjgwLCJpYXQiOjE1NjA1NzY0ODB9.TekFcXmC_dpasl-JdopuGqLvl4pcZjvtdSisLUuAQ0o headers authorization
Bearer eyJhbGciOiJIUzI1NiIsInR5cCI6IkpXVCJ9.eyJuYW1lIjoiaGJiIiwiZXhwIjoxNTYxMTgxMjgwLCJpYXQiOjE1NjA1NzY0ODB9.TekFcXmC_dpasl-JdopuGqLvl4pcZjvtdSisLUuAQ0o headers authorization
Bearer eyJhbGciOiJIUzI1NiIsInR5cCI6IkpXVCJ9.eyJuYW1lIjoiaGJiIiwiZXhwIjoxNTYxMTgxMjgwLCJpYXQiOjE1NjA1NzY0ODB9.TekFcXmC_dpasl-JdopuGqLvl4pcZjvtdSisLUuAQ0o headers authorization
